<?xml version="1.0" encoding="UTF-8"?>
<!-- Generated by org.testng.reporters.JUnitXMLReporter -->
<testsuite ignored="0" hostname="ShirshaLaptop" failures="0" tests="3" name="Test" time="0.195" errors="0" timestamp="2023-03-05T16:55:54 CST">
  <testcase classname="practiceLocators.testNGtutorial" name="bye" time="0.035"/>
  <testcase classname="practiceLocators.testNGtutorial" name="hello" time="0.004"/>
  <testcase classname="practiceLocators.tutorial2" name="heythere" time="0.005"/>
</testsuite> <!-- Test -->
