<?xml version="1.0" encoding="UTF-8"?>
<testng-results ignored="0" total="3" passed="3" failed="0" skipped="0">
  <reporter-output>
  </reporter-output>
  <suite started-at="2023-03-05T16:55:53 CST" name="Suite" finished-at="2023-03-05T16:55:54 CST" duration-ms="195">
    <groups>
    </groups>
    <test started-at="2023-03-05T16:55:53 CST" name="Test" finished-at="2023-03-05T16:55:54 CST" duration-ms="195">
      <class name="practiceLocators.testNGtutorial">
        <test-method signature="bye()[pri:0, instance:practiceLocators.testNGtutorial@1725dc0f]" started-at="2023-03-05T16:55:53 CST" name="bye" finished-at="2023-03-05T16:55:53 CST" duration-ms="35" status="PASS">
          <reporter-output>
          </reporter-output>
        </test-method> <!-- bye -->
        <test-method signature="hello()[pri:0, instance:practiceLocators.testNGtutorial@1725dc0f]" started-at="2023-03-05T16:55:53 CST" name="hello" finished-at="2023-03-05T16:55:53 CST" duration-ms="4" status="PASS">
          <reporter-output>
          </reporter-output>
        </test-method> <!-- hello -->
      </class> <!-- practiceLocators.testNGtutorial -->
      <class name="practiceLocators.tutorial2">
        <test-method signature="heythere()[pri:0, instance:practiceLocators.tutorial2@41fbdac4]" started-at="2023-03-05T16:55:54 CST" name="heythere" finished-at="2023-03-05T16:55:54 CST" duration-ms="5" status="PASS">
          <reporter-output>
          </reporter-output>
        </test-method> <!-- heythere -->
      </class> <!-- practiceLocators.tutorial2 -->
    </test> <!-- Test -->
  </suite> <!-- Suite -->
</testng-results>
